CRITICAL - 2023-09-21 15:59:00 --> Undefined array key "Cars_Category"
in APPPATH\Views\Products\edit.php on line 31.
 1 APPPATH\Views\Products\edit.php(31): CodeIgniter\Debug\Exceptions->errorHandler(2, 'Undefined array key "Cars_Category"', 'C:\\laragon\\www\\crud\\app\\Views\\Products\\edit.php', 31)
 2 SYSTEMPATH\View\View.php(226): include('C:\\laragon\\www\\crud\\app\\Views\\Products\\edit.php')
 3 SYSTEMPATH\View\View.php(229): CodeIgniter\View\View->CodeIgniter\View\{closure}()
 4 SYSTEMPATH\Common.php(1188): CodeIgniter\View\View->render('products/edit', [], true)
 5 APPPATH\Controllers\ProductController.php(44): view('products/edit', [...])
 6 SYSTEMPATH\CodeIgniter.php(919): App\Controllers\ProductController->edit('1')
 7 SYSTEMPATH\CodeIgniter.php(494): CodeIgniter\CodeIgniter->runController(Object(App\Controllers\ProductController))
 8 SYSTEMPATH\CodeIgniter.php(353): CodeIgniter\CodeIgniter->handleRequest(null, Object(Config\Cache), false)
 9 FCPATH\index.php(79): CodeIgniter\CodeIgniter->run()
10 SYSTEMPATH\Commands\Server\rewrite.php(47): require_once('C:\\laragon\\www\\crud\\public\\index.php')
CRITICAL - 2023-09-21 15:59:36 --> Undefined array key "Cars_Category"
in APPPATH\Views\Products\edit.php on line 31.
 1 APPPATH\Views\Products\edit.php(31): CodeIgniter\Debug\Exceptions->errorHandler(2, 'Undefined array key "Cars_Category"', 'C:\\laragon\\www\\crud\\app\\Views\\Products\\edit.php', 31)
 2 SYSTEMPATH\View\View.php(226): include('C:\\laragon\\www\\crud\\app\\Views\\Products\\edit.php')
 3 SYSTEMPATH\View\View.php(229): CodeIgniter\View\View->CodeIgniter\View\{closure}()
 4 SYSTEMPATH\Common.php(1188): CodeIgniter\View\View->render('products/edit', [], true)
 5 APPPATH\Controllers\ProductController.php(44): view('products/edit', [...])
 6 SYSTEMPATH\CodeIgniter.php(919): App\Controllers\ProductController->edit('2')
 7 SYSTEMPATH\CodeIgniter.php(494): CodeIgniter\CodeIgniter->runController(Object(App\Controllers\ProductController))
 8 SYSTEMPATH\CodeIgniter.php(353): CodeIgniter\CodeIgniter->handleRequest(null, Object(Config\Cache), false)
 9 FCPATH\index.php(79): CodeIgniter\CodeIgniter->run()
10 SYSTEMPATH\Commands\Server\rewrite.php(47): require_once('C:\\laragon\\www\\crud\\public\\index.php')
